#
# There is insufficient memory for the Java Runtime Environment to continue.
# Native memory allocation (malloc) failed to allocate 1311856 bytes for Chunk::new
# Possible reasons:
#   The system is out of physical RAM or swap space
#   The process is running with CompressedOops enabled, and the Java Heap may be blocking the growth of the native heap
# Possible solutions:
#   Reduce memory load on the system
#   Increase physical memory or swap space
#   Check if swap backing store is full
#   Decrease Java heap size (-Xmx/-Xms)
#   Decrease number of Java threads
#   Decrease Java thread stack sizes (-Xss)
#   Set larger code cache with -XX:ReservedCodeCacheSize=
#   JVM is running with Unscaled Compressed Oops mode in which the Java heap is
#     placed in the first 4GB address space. The Java Heap base address is the
#     maximum limit for the native heap growth. Please use -XX:HeapBaseMinAddress
#     to set the Java Heap base and to place the Java Heap above 4GB virtual address.
# This output file may be truncated or incomplete.
#
#  Out of Memory Error (allocation.cpp:389), pid=10144, tid=0x0000000000004694
#
# JRE version: OpenJDK Runtime Environment (8.0_242-b01) (build 1.8.0_242-release-1644-b01)
# Java VM: OpenJDK 64-Bit Server VM (25.242-b01 mixed mode windows-amd64 compressed oops)
# Failed to write core dump. Minidumps are not enabled by default on client versions of Windows
#

---------------  T H R E A D  ---------------

Current thread (0x0000000016418000):  JavaThread "C2 CompilerThread0" daemon [_thread_in_native, id=18068, stack(0x0000000017a60000,0x0000000017b60000)]

Stack: [0x0000000017a60000,0x0000000017b60000]
[error occurred during error reporting (printing stack bounds), id 0xc0000005]

Native frames: (J=compiled Java code, j=interpreted, Vv=VM code, C=native code)


Current CompileTask:
C2:  18854 5456   !   4       java.net.URLClassLoader$1::run (63 bytes)


---------------  P R O C E S S  ---------------

Java Threads: ( => current thread )
  0x000000001d818800 JavaThread "Cache worker for file content cache (D:\Users\ACER\Desktop\eMarket\.gradle\6.5\fileContent)" [_thread_blocked, id=3780, stack(0x0000000029230000,0x0000000029330000)]
  0x000000001d81d800 JavaThread "Memory manager" [_thread_blocked, id=17756, stack(0x0000000027910000,0x0000000027a10000)]
  0x000000001d81e800 JavaThread "Cache worker for Build Output Cleanup Cache (D:\Users\ACER\Desktop\eMarket\.gradle\buildOutputCleanup)" [_thread_blocked, id=17116, stack(0x0000000027210000,0x0000000027310000)]
  0x0000000018c63000 JavaThread "jar transforms Thread 94" [_thread_blocked, id=9992, stack(0x0000000026f10000,0x0000000027010000)]
  0x0000000018c60800 JavaThread "jar transforms Thread 93" [_thread_blocked, id=7056, stack(0x0000000026e10000,0x0000000026f10000)]
  0x0000000018c60000 JavaThread "jar transforms Thread 92" [_thread_blocked, id=876, stack(0x0000000026d10000,0x0000000026e10000)]
  0x0000000018c62000 JavaThread "jar transforms Thread 91" [_thread_blocked, id=11844, stack(0x0000000026c10000,0x0000000026d10000)]
  0x0000000018c61800 JavaThread "jar transforms Thread 90" [_thread_blocked, id=10832, stack(0x0000000026b10000,0x0000000026c10000)]
  0x0000000018c58000 JavaThread "jar transforms Thread 89" [_thread_blocked, id=15664, stack(0x0000000026a10000,0x0000000026b10000)]
  0x0000000018c5f000 JavaThread "jar transforms Thread 88" [_thread_blocked, id=14464, stack(0x0000000026910000,0x0000000026a10000)]
  0x0000000018c5e800 JavaThread "jar transforms Thread 87" [_thread_blocked, id=236, stack(0x0000000026810000,0x0000000026910000)]
  0x0000000018c57800 JavaThread "jar transforms Thread 86" [_thread_blocked, id=7532, stack(0x0000000026710000,0x0000000026810000)]
  0x0000000018c56800 JavaThread "jar transforms Thread 85" [_thread_blocked, id=13408, stack(0x0000000026610000,0x0000000026710000)]
  0x0000000018c5d800 JavaThread "jar transforms Thread 84" [_thread_blocked, id=16828, stack(0x0000000026510000,0x0000000026610000)]
  0x0000000018c5d000 JavaThread "jar transforms Thread 83" [_thread_blocked, id=8040, stack(0x0000000026410000,0x0000000026510000)]
  0x0000000018c55000 JavaThread "jar transforms Thread 82" [_thread_blocked, id=10492, stack(0x0000000026310000,0x0000000026410000)]
  0x0000000018c56000 JavaThread "jar transforms Thread 81" [_thread_blocked, id=14928, stack(0x0000000026210000,0x0000000026310000)]
  0x0000000018c59000 JavaThread "jar transforms Thread 80" [_thread_blocked, id=13168, stack(0x0000000026110000,0x0000000026210000)]
  0x0000000018c5c000 JavaThread "jar transforms Thread 79" [_thread_blocked, id=8756, stack(0x0000000026010000,0x0000000026110000)]
  0x0000000018c54800 JavaThread "jar transforms Thread 78" [_thread_blocked, id=4424, stack(0x0000000025f10000,0x0000000026010000)]
  0x0000000018c5a800 JavaThread "jar transforms Thread 77" [_thread_blocked, id=5104, stack(0x0000000025e10000,0x0000000025f10000)]
  0x0000000018c59800 JavaThread "jar transforms Thread 76" [_thread_blocked, id=14532, stack(0x0000000025d10000,0x0000000025e10000)]
  0x0000000018c5b800 JavaThread "jar transforms Thread 75" [_thread_blocked, id=5200, stack(0x0000000025c10000,0x0000000025d10000)]
  0x000000001a70f000 JavaThread "jar transforms Thread 74" [_thread_blocked, id=712, stack(0x0000000025b10000,0x0000000025c10000)]
  0x000000001a70b800 JavaThread "jar transforms Thread 73" [_thread_blocked, id=7808, stack(0x0000000025a10000,0x0000000025b10000)]
  0x000000001a70e800 JavaThread "jar transforms Thread 72" [_thread_blocked, id=15520, stack(0x0000000025910000,0x0000000025a10000)]
  0x000000001a710800 JavaThread "jar transforms Thread 71" [_thread_blocked, id=1268, stack(0x0000000025810000,0x0000000025910000)]
  0x000000001a710000 JavaThread "jar transforms Thread 70" [_thread_blocked, id=9320, stack(0x0000000025710000,0x0000000025810000)]
  0x000000001a70d000 JavaThread "jar transforms Thread 69" [_thread_blocked, id=17820, stack(0x0000000025610000,0x0000000025710000)]
  0x000000001a70d800 JavaThread "jar transforms Thread 68" [_thread_blocked, id=14168, stack(0x0000000025510000,0x0000000025610000)]
  0x000000001a70c000 JavaThread "jar transforms Thread 67" [_thread_blocked, id=4652, stack(0x0000000025410000,0x0000000025510000)]
  0x000000001a70a800 JavaThread "jar transforms Thread 66" [_thread_blocked, id=18060, stack(0x0000000025310000,0x0000000025410000)]
  0x000000001a704000 JavaThread "jar transforms Thread 65" [_thread_blocked, id=17236, stack(0x0000000025210000,0x0000000025310000)]
  0x000000001a70a000 JavaThread "jar transforms Thread 64" [_thread_blocked, id=14972, stack(0x0000000025110000,0x0000000025210000)]
  0x000000001a709000 JavaThread "jar transforms Thread 63" [_thread_blocked, id=10208, stack(0x0000000025010000,0x0000000025110000)]
  0x000000001a701800 JavaThread "jar transforms Thread 62" [_thread_blocked, id=10792, stack(0x0000000024f10000,0x0000000025010000)]
  0x000000001a708800 JavaThread "jar transforms Thread 61" [_thread_blocked, id=11848, stack(0x0000000024e10000,0x0000000024f10000)]
  0x000000001a706000 JavaThread "jar transforms Thread 60" [_thread_blocked, id=4648, stack(0x0000000024d10000,0x0000000024e10000)]
  0x000000001a707800 JavaThread "jar transforms Thread 59" [_thread_blocked, id=17956, stack(0x0000000024c10000,0x0000000024d10000)]
  0x000000001a703000 JavaThread "jar transforms Thread 58" [_thread_blocked, id=7704, stack(0x0000000024b10000,0x0000000024c10000)]
  0x000000001a707000 JavaThread "jar transforms Thread 57" [_thread_blocked, id=13388, stack(0x0000000024a10000,0x0000000024b10000)]
  0x000000001a705800 JavaThread "jar transforms Thread 56" [_thread_blocked, id=18236, stack(0x0000000024910000,0x0000000024a10000)]
  0x000000001a702800 JavaThread "jar transforms Thread 55" [_thread_blocked, id=8400, stack(0x0000000024810000,0x0000000024910000)]
  0x000000001a704800 JavaThread "jar transforms Thread 54" [_thread_blocked, id=5360, stack(0x0000000024710000,0x0000000024810000)]
  0x000000001d1b9000 JavaThread "jar transforms Thread 53" [_thread_blocked, id=8616, stack(0x0000000024610000,0x0000000024710000)]
  0x000000001d1b9800 JavaThread "jar transforms Thread 52" [_thread_blocked, id=16856, stack(0x0000000024510000,0x0000000024610000)]
  0x000000001d1b8000 JavaThread "jar transforms Thread 51" [_thread_blocked, id=1228, stack(0x0000000024410000,0x0000000024510000)]
  0x000000001d1bf000 JavaThread "jar transforms Thread 50" [_thread_blocked, id=17476, stack(0x0000000024310000,0x0000000024410000)]
  0x000000001d1bc000 JavaThread "jar transforms Thread 49" [_thread_blocked, id=7396, stack(0x0000000024210000,0x0000000024310000)]
  0x000000001d1b7800 JavaThread "jar transforms Thread 48" [_thread_blocked, id=13580, stack(0x0000000024110000,0x0000000024210000)]
  0x000000001d1bb000 JavaThread "jar transforms Thread 47" [_thread_blocked, id=8340, stack(0x0000000024010000,0x0000000024110000)]
  0x000000001d1be000 JavaThread "jar transforms Thread 46" [_thread_blocked, id=6832, stack(0x0000000023f10000,0x0000000024010000)]
  0x000000001d1ba800 JavaThread "jar transforms Thread 45" [_thread_blocked, id=13260, stack(0x0000000023e10000,0x0000000023f10000)]
  0x000000001d1bc800 JavaThread "jar transforms Thread 44" [_thread_blocked, id=12740, stack(0x0000000023d10000,0x0000000023e10000)]
  0x000000001d1bd800 JavaThread "jar transforms Thread 43" [_thread_blocked, id=756, stack(0x0000000023c10000,0x0000000023d10000)]
  0x000000001d1b0000 JavaThread "jar transforms Thread 42" [_thread_blocked, id=11532, stack(0x0000000023b10000,0x0000000023c10000)]
  0x000000001d1b2000 JavaThread "jar transforms Thread 41" [_thread_blocked, id=15860, stack(0x0000000023a10000,0x0000000023b10000)]
  0x000000001d1b1800 JavaThread "jar transforms Thread 40" [_thread_blocked, id=14356, stack(0x0000000023910000,0x0000000023a10000)]
  0x000000001d1b0800 JavaThread "jar transforms Thread 39" [_thread_blocked, id=16564, stack(0x0000000023810000,0x0000000023910000)]
  0x000000001d1b6000 JavaThread "jar transforms Thread 38" [_thread_blocked, id=11072, stack(0x0000000023710000,0x0000000023810000)]
  0x000000001d1b6800 JavaThread "jar transforms Thread 37" [_thread_blocked, id=11716, stack(0x0000000023610000,0x0000000023710000)]
  0x000000001d1b5000 JavaThread "jar transforms Thread 36" [_thread_blocked, id=11608, stack(0x0000000023510000,0x0000000023610000)]
  0x000000001d1b3800 JavaThread "jar transforms Thread 35" [_thread_blocked, id=3548, stack(0x0000000023410000,0x0000000023510000)]
  0x000000001d1b3000 JavaThread "jar transforms Thread 34" [_thread_blocked, id=15400, stack(0x0000000023310000,0x0000000023410000)]
  0x000000001d1b4800 JavaThread "jar transforms Thread 33" [_thread_blocked, id=17596, stack(0x0000000023210000,0x0000000023310000)]
  0x0000000018a6b800 JavaThread "jar transforms Thread 32" [_thread_blocked, id=10192, stack(0x0000000023110000,0x0000000023210000)]
  0x0000000018a68800 JavaThread "jar transforms Thread 31" [_thread_blocked, id=3352, stack(0x0000000023010000,0x0000000023110000)]
  0x0000000018a6b000 JavaThread "jar transforms Thread 30" [_thread_blocked, id=7068, stack(0x0000000022f10000,0x0000000023010000)]
  0x0000000018a6d000 JavaThread "jar transforms Thread 29" [_thread_blocked, id=3848, stack(0x0000000022e10000,0x0000000022f10000)]
  0x0000000018a6e800 JavaThread "jar transforms Thread 28" [_thread_blocked, id=4784, stack(0x0000000022d10000,0x0000000022e10000)]
  0x0000000018a6c800 JavaThread "jar transforms Thread 27" [_thread_blocked, id=12896, stack(0x0000000022c10000,0x0000000022d10000)]
  0x0000000018a6e000 JavaThread "jar transforms Thread 26" [_thread_blocked, id=9400, stack(0x0000000022b10000,0x0000000022c10000)]
  0x0000000018a65000 JavaThread "jar transforms Thread 25" [_thread_blocked, id=7376, stack(0x0000000022a10000,0x0000000022b10000)]
  0x0000000018a63800 JavaThread "jar transforms Thread 24" [_thread_blocked, id=17200, stack(0x0000000022910000,0x0000000022a10000)]
  0x0000000018a68000 JavaThread "jar transforms Thread 23" [_thread_blocked, id=944, stack(0x0000000022810000,0x0000000022910000)]
  0x0000000018a6a000 JavaThread "jar transforms Thread 22" [_thread_blocked, id=12936, stack(0x0000000022710000,0x0000000022810000)]
  0x0000000018a67000 JavaThread "jar transforms Thread 21" [_thread_blocked, id=17880, stack(0x0000000022610000,0x0000000022710000)]
  0x0000000018a69800 JavaThread "jar transforms Thread 20" [_thread_blocked, id=12324, stack(0x0000000022510000,0x0000000022610000)]
  0x0000000018a60800 JavaThread "jar transforms Thread 19" [_thread_blocked, id=10356, stack(0x0000000022410000,0x0000000022510000)]
  0x0000000018a61000 JavaThread "jar transforms Thread 18" [_thread_blocked, id=8572, stack(0x0000000022310000,0x0000000022410000)]
  0x0000000018a62000 JavaThread "jar transforms Thread 17" [_thread_blocked, id=17064, stack(0x0000000022210000,0x0000000022310000)]
  0x0000000018a62800 JavaThread "jar transforms Thread 16" [_thread_blocked, id=14348, stack(0x0000000022110000,0x0000000022210000)]
  0x0000000018a66800 JavaThread "jar transforms Thread 15" [_thread_blocked, id=17972, stack(0x0000000022010000,0x0000000022110000)]
  0x0000000018a65800 JavaThread "jar transforms Thread 14" [_thread_blocked, id=18164, stack(0x0000000021f10000,0x0000000022010000)]
  0x0000000018a5f800 JavaThread "jar transforms Thread 13" [_thread_blocked, id=4104, stack(0x0000000021e10000,0x0000000021f10000)]
  0x0000000018a64000 JavaThread "jar transforms Thread 12" [_thread_blocked, id=3828, stack(0x0000000021d10000,0x0000000021e10000)]
  0x000000001decc000 JavaThread "jar transforms Thread 11" [_thread_blocked, id=1948, stack(0x0000000021c10000,0x0000000021d10000)]
  0x000000001decb000 JavaThread "jar transforms Thread 10" [_thread_blocked, id=2404, stack(0x0000000021b10000,0x0000000021c10000)]
  0x000000001deca800 JavaThread "jar transforms Thread 9" [_thread_blocked, id=17920, stack(0x0000000021a10000,0x0000000021b10000)]
  0x000000001dec9800 JavaThread "jar transforms Thread 8" [_thread_blocked, id=2316, stack(0x0000000021910000,0x0000000021a10000)]
  0x000000001dec9000 JavaThread "jar transforms Thread 7" [_thread_blocked, id=12268, stack(0x0000000021810000,0x0000000021910000)]
  0x000000001dece000 JavaThread "jar transforms Thread 6" [_thread_blocked, id=13324, stack(0x0000000021710000,0x0000000021810000)]
  0x000000001decc800 JavaThread "jar transforms Thread 5" [_thread_blocked, id=17416, stack(0x0000000021610000,0x0000000021710000)]
  0x000000001decd800 JavaThread "jar transforms Thread 4" [_thread_blocked, id=17632, stack(0x0000000021090000,0x0000000021190000)]
  0x000000001dec8000 JavaThread "jar transforms Thread 3" [_thread_blocked, id=6716, stack(0x0000000020f90000,0x0000000021090000)]
  0x000000001dec2800 JavaThread "jar transforms Thread 2" [_thread_blocked, id=14384, stack(0x0000000020e90000,0x0000000020f90000)]
  0x000000001dec0800 JavaThread "Build operations Thread 4" [_thread_blocked, id=3732, stack(0x0000000021510000,0x0000000021610000)]
  0x000000001dec7800 JavaThread "Build operations Thread 3" [_thread_blocked, id=11252, stack(0x0000000021410000,0x0000000021510000)]
  0x000000001debf800 JavaThread "Build operations Thread 2" [_thread_blocked, id=14072, stack(0x0000000021310000,0x0000000021410000)]
  0x000000001dec3800 JavaThread "Build operations" [_thread_blocked, id=7420, stack(0x0000000021210000,0x0000000021310000)]
  0x0000000016429800 JavaThread "Cache worker for file content cache (C:\Users\ACER\.gradle\caches\6.5\fileContent)" [_thread_blocked, id=15916, stack(0x0000000020790000,0x0000000020890000)]
  0x0000000016428800 JavaThread "jar transforms" [_thread_blocked, id=12380, stack(0x0000000020690000,0x0000000020790000)]
  0x0000000016428000 JavaThread "Cache worker for execution history cache (C:\Users\ACER\.gradle\caches\6.5\executionHistory)" [_thread_blocked, id=11048, stack(0x000000001ff90000,0x0000000020090000)]
  0x0000000016427000 JavaThread "Cache worker for cache directory md-rule (C:\Users\ACER\.gradle\caches\6.5\md-rule)" [_thread_blocked, id=16588, stack(0x000000001fe90000,0x000000001ff90000)]
  0x000000001642b800 JavaThread "Cache worker for cache directory md-supplier (C:\Users\ACER\.gradle\caches\6.5\md-supplier)" [_thread_blocked, id=3464, stack(0x000000001eb40000,0x000000001ec40000)]
  0x000000001642e000 JavaThread "Cache worker for checksums cache (D:\Users\ACER\Desktop\eMarket\.gradle\checksums)" [_thread_blocked, id=15760, stack(0x000000001ea40000,0x000000001eb40000)]
  0x000000001642b000 JavaThread "Cache worker for file hash cache (D:\Users\ACER\Desktop\eMarket\.gradle\6.5\fileHashes)" [_thread_blocked, id=8484, stack(0x000000001c580000,0x000000001c680000)]
  0x000000001642a000 JavaThread "Cache worker for file hash cache (C:\Users\ACER\.gradle\caches\6.5\fileHashes)" [_thread_blocked, id=15968, stack(0x000000001c480000,0x000000001c580000)]
  0x000000001642c800 JavaThread "File lock request listener" [_thread_in_native, id=1992, stack(0x000000001c380000,0x000000001c480000)]
  0x000000001867e800 JavaThread "Cache worker for journal cache (C:\Users\ACER\.gradle\caches\journal-1)" [_thread_blocked, id=11944, stack(0x000000001c180000,0x000000001c280000)]
  0x00000000185c6000 JavaThread "Thread-9" [_thread_blocked, id=4040, stack(0x000000001be80000,0x000000001bf80000)]
  0x0000000019e0f000 JavaThread "Stdin handler" [_thread_blocked, id=14116, stack(0x000000001bd80000,0x000000001be80000)]
  0x0000000019e0b000 JavaThread "Asynchronous log dispatcher for DefaultDaemonConnection: socket connection from /127.0.0.1:23490 to /127.0.0.1:23491" [_thread_blocked, id=6092, stack(0x000000001bc80000,0x000000001bd80000)]
  0x0000000019e0a000 JavaThread "Daemon worker" [_thread_in_Java, id=15596, stack(0x000000001bb80000,0x000000001bc80000)]
  0x00000000185cd000 JavaThread "Cancel handler" [_thread_blocked, id=9988, stack(0x000000001ba80000,0x000000001bb80000)]
  0x00000000183e1800 JavaThread "Handler for socket connection from /127.0.0.1:23490 to /127.0.0.1:23491" [_thread_in_native, id=5896, stack(0x000000001b980000,0x000000001ba80000)]
  0x0000000019ea6000 JavaThread "Daemon" [_thread_blocked, id=8252, stack(0x000000001b880000,0x000000001b980000)]
  0x0000000019e96800 JavaThread "Daemon periodic checks" [_thread_blocked, id=10272, stack(0x000000001b580000,0x000000001b680000)]
  0x0000000019de7000 JavaThread "Incoming local TCP Connector on port 23490" [_thread_in_native, id=16528, stack(0x000000001b340000,0x000000001b440000)]
  0x0000000019d47800 JavaThread "Daemon health stats" [_thread_blocked, id=1156, stack(0x000000001ad00000,0x000000001ae00000)]
  0x0000000017d92800 JavaThread "Service Thread" daemon [_thread_blocked, id=872, stack(0x0000000018160000,0x0000000018260000)]
  0x000000001642d000 JavaThread "C1 CompilerThread2" daemon [_thread_blocked, id=3148, stack(0x0000000017c60000,0x0000000017d60000)]
  0x000000001641e800 JavaThread "C2 CompilerThread1" daemon [_thread_in_native, id=4620, stack(0x0000000017b60000,0x0000000017c60000)]
=>0x0000000016418000 JavaThread "C2 CompilerThread0" daemon [_thread_in_native, id=18068, stack(0x0000000017a60000,0x0000000017b60000)]
  0x0000000016415800 JavaThread "Attach Listener" daemon [_thread_blocked, id=2812, stack(0x0000000017960000,0x0000000017a60000)]
  0x0000000016414000 JavaThread "Signal Dispatcher" daemon [_thread_blocked, id=14744, stack(0x0000000017860000,0x0000000017960000)]
  0x0000000002a1b800 JavaThread "Finalizer" daemon [_thread_blocked, id=7332, stack(0x0000000017660000,0x0000000017760000)]
  0x00000000163f9000 JavaThread "Reference Handler" daemon [_thread_blocked, id=12632, stack(0x0000000017560000,0x0000000017660000)]
  0x00000000009de000 JavaThread "main" [_thread_blocked, id=1924, stack(0x0000000001040000,0x0000000001140000)]

Other Threads:
  0x00000000163d6000 VMThread [stack: 0x0000000017460000,0x0000000017560000] [id=6068]
  0x0000000017d93800 WatcherThread [stack: 0x0000000018260000,0x0000000018360000] [id=15260]

VM state:not at safepoint (normal execution)

VM Mutex/Monitor currently owned by a thread: None

heap address: 0x00000000a0000000, size: 1536 MB, Compressed Oops mode: 32-bit
Narrow klass base: 0x0000000000000000, Narrow klass shift: 3
Compressed class space size: 1073741824 Address: 0x0000000100000000

Heap:
 PSYoungGen      total 196096K, used 36350K [0x00000000e0000000, 0x00000000ed300000, 0x0000000100000000)
  eden space 178176K, 20% used [0x00000000e0000000,0x00000000e237f820,0x00000000eae00000)
  from space 17920K, 0% used [0x00000000eae00000,0x00000000eae00000,0x00000000ebf80000)
  to   space 12800K, 0% used [0x00000000ebf80000,0x00000000ebf80000,0x00000000ecc00000)
 ParOldGen       total 110080K, used 43185K [0x00000000a0000000, 0x00000000a6b80000, 0x00000000e0000000)
  object space 110080K, 39% used [0x00000000a0000000,0x00000000a2a2c638,0x00000000a6b80000)
 Metaspace       used 59649K, capacity 62040K, committed 62232K, reserved 1103872K
  class space    used 8235K, capacity 8725K, committed 8752K, reserved 1048576K

Card table byte_map: [0x0000000011e60000,0x0000000012170000] byte_map_base: 0x0000000011960000

Marking Bits: (ParMarkBitMap*) 0x000000006b97f030
 Begin Bits: [0x0000000012770000, 0x0000000013f70000)
 End Bits:   [0x0000000013f70000, 0x0000000015770000)

Polling page: 0x0000000000d30000

CodeCache: size=245760Kb used=17713Kb max_used=17713Kb free=228046Kb
 bounds [0x0000000002aa0000, 0x0000000003c00000, 0x0000000011aa0000]
 total_blobs=5812 nmethods=5035 adapters=690
 compilation: enabled

Compilation events (10 events):
Event: 18.810 Thread 0x000000001642d000 5504       3       java.util.ArrayDeque::size (18 bytes)
Event: 18.810 Thread 0x000000001642d000 nmethod 5504 0x0000000003bba290 code [0x0000000003bba3e0, 0x0000000003bba550]
Event: 18.820 Thread 0x000000001642d000 5505       3       com.google.common.collect.LinkedHashMultimap$ValueSet::setSuccessorInValueSet (6 bytes)
Event: 18.820 Thread 0x000000001642d000 nmethod 5505 0x0000000003bb9f50 code [0x0000000003bba0a0, 0x0000000003bba210]
Event: 18.820 Thread 0x000000001642d000 5506       3       com.google.common.collect.CompactLinkedHashMap::insertEntry (26 bytes)
Event: 18.821 Thread 0x000000001642d000 nmethod 5506 0x0000000003bf9390 code [0x0000000003bf9540, 0x0000000003bf9a78]
Event: 18.831 Thread 0x000000001642d000 5507       1       org.gradle.internal.instantiation.generator.AbstractClassGenerator$PropertyMetadata::access$2100 (5 bytes)
Event: 18.831 Thread 0x000000001642d000 nmethod 5507 0x0000000003bb9c90 code [0x0000000003bb9de0, 0x0000000003bb9ed0]
Event: 18.840 Thread 0x000000001642d000 5508       1       com.android.build.api.component.impl.ComponentPropertiesImpl::getTaskContainer (5 bytes)
Event: 18.841 Thread 0x000000001642d000 nmethod 5508 0x0000000003bb99d0 code [0x0000000003bb9b20, 0x0000000003bb9c30]

GC Heap History (10 events):
Event: 7.991 GC heap before
{Heap before GC invocations=10 (full 2):
 PSYoungGen      total 157184K, used 7873K [0x00000000e0000000, 0x00000000eb580000, 0x0000000100000000)
  eden space 144384K, 0% used [0x00000000e0000000,0x00000000e0000000,0x00000000e8d00000)
  from space 12800K, 61% used [0x00000000e9900000,0x00000000ea0b0698,0x00000000ea580000)
  to   space 12288K, 0% used [0x00000000e8d00000,0x00000000e8d00000,0x00000000e9900000)
 ParOldGen       total 71680K, used 7408K [0x00000000a0000000, 0x00000000a4600000, 0x00000000e0000000)
  object space 71680K, 10% used [0x00000000a0000000,0x00000000a073c3a8,0x00000000a4600000)
 Metaspace       used 34334K, capacity 35426K, committed 35496K, reserved 1079296K
  class space    used 4724K, capacity 5006K, committed 5040K, reserved 1048576K
Event: 8.151 GC heap after
Heap after GC invocations=10 (full 2):
 PSYoungGen      total 157184K, used 0K [0x00000000e0000000, 0x00000000eb580000, 0x0000000100000000)
  eden space 144384K, 0% used [0x00000000e0000000,0x00000000e0000000,0x00000000e8d00000)
  from space 12800K, 0% used [0x00000000e9900000,0x00000000e9900000,0x00000000ea580000)
  to   space 12288K, 0% used [0x00000000e8d00000,0x00000000e8d00000,0x00000000e9900000)
 ParOldGen       total 110080K, used 14294K [0x00000000a0000000, 0x00000000a6b80000, 0x00000000e0000000)
  object space 110080K, 12% used [0x00000000a0000000,0x00000000a0df5950,0x00000000a6b80000)
 Metaspace       used 34334K, capacity 35426K, committed 35496K, reserved 1079296K
  class space    used 4724K, capacity 5006K, committed 5040K, reserved 1048576K
}
Event: 10.558 GC heap before
{Heap before GC invocations=11 (full 2):
 PSYoungGen      total 157184K, used 144384K [0x00000000e0000000, 0x00000000eb580000, 0x0000000100000000)
  eden space 144384K, 100% used [0x00000000e0000000,0x00000000e8d00000,0x00000000e8d00000)
  from space 12800K, 0% used [0x00000000e9900000,0x00000000e9900000,0x00000000ea580000)
  to   space 12288K, 0% used [0x00000000e8d00000,0x00000000e8d00000,0x00000000e9900000)
 ParOldGen       total 110080K, used 14294K [0x00000000a0000000, 0x00000000a6b80000, 0x00000000e0000000)
  object space 110080K, 12% used [0x00000000a0000000,0x00000000a0df5950,0x00000000a6b80000)
 Metaspace       used 39967K, capacity 41734K, committed 42024K, reserved 1085440K
  class space    used 5510K, capacity 5904K, committed 5936K, reserved 1048576K
Event: 10.586 GC heap after
Heap after GC invocations=11 (full 2):
 PSYoungGen      total 156672K, used 10491K [0x00000000e0000000, 0x00000000ecc00000, 0x0000000100000000)
  eden space 144384K, 0% used [0x00000000e0000000,0x00000000e0000000,0x00000000e8d00000)
  from space 12288K, 85% used [0x00000000e8d00000,0x00000000e973ef78,0x00000000e9900000)
  to   space 12800K, 0% used [0x00000000ebf80000,0x00000000ebf80000,0x00000000ecc00000)
 ParOldGen       total 110080K, used 14302K [0x00000000a0000000, 0x00000000a6b80000, 0x00000000e0000000)
  object space 110080K, 12% used [0x00000000a0000000,0x00000000a0df7950,0x00000000a6b80000)
 Metaspace       used 39967K, capacity 41734K, committed 42024K, reserved 1085440K
  class space    used 5510K, capacity 5904K, committed 5936K, reserved 1048576K
}
Event: 15.550 GC heap before
{Heap before GC invocations=12 (full 2):
 PSYoungGen      total 156672K, used 154875K [0x00000000e0000000, 0x00000000ecc00000, 0x0000000100000000)
  eden space 144384K, 100% used [0x00000000e0000000,0x00000000e8d00000,0x00000000e8d00000)
  from space 12288K, 85% used [0x00000000e8d00000,0x00000000e973ef78,0x00000000e9900000)
  to   space 12800K, 0% used [0x00000000ebf80000,0x00000000ebf80000,0x00000000ecc00000)
 ParOldGen       total 110080K, used 14302K [0x00000000a0000000, 0x00000000a6b80000, 0x00000000e0000000)
  object space 110080K, 12% used [0x00000000a0000000,0x00000000a0df7950,0x00000000a6b80000)
 Metaspace       used 52104K, capacity 54208K, committed 54312K, reserved 1095680K
  class space    used 6964K, capacity 7414K, committed 7472K, reserved 1048576K
Event: 15.604 GC heap after
Heap after GC invocations=12 (full 2):
 PSYoungGen      total 190976K, used 12796K [0x00000000e0000000, 0x00000000ed300000, 0x0000000100000000)
  eden space 178176K, 0% used [0x00000000e0000000,0x00000000e0000000,0x00000000eae00000)
  from space 12800K, 99% used [0x00000000ebf80000,0x00000000ecbff300,0x00000000ecc00000)
  to   space 17920K, 0% used [0x00000000eae00000,0x00000000eae00000,0x00000000ebf80000)
 ParOldGen       total 110080K, used 24573K [0x00000000a0000000, 0x00000000a6b80000, 0x00000000e0000000)
  object space 110080K, 22% used [0x00000000a0000000,0x00000000a17ff590,0x00000000a6b80000)
 Metaspace       used 52104K, capacity 54208K, committed 54312K, reserved 1095680K
  class space    used 6964K, capacity 7414K, committed 7472K, reserved 1048576K
}
Event: 17.511 GC heap before
{Heap before GC invocations=13 (full 2):
 PSYoungGen      total 190976K, used 97808K [0x00000000e0000000, 0x00000000ed300000, 0x0000000100000000)
  eden space 178176K, 47% used [0x00000000e0000000,0x00000000e5305010,0x00000000eae00000)
  from space 12800K, 99% used [0x00000000ebf80000,0x00000000ecbff300,0x00000000ecc00000)
  to   space 17920K, 0% used [0x00000000eae00000,0x00000000eae00000,0x00000000ebf80000)
 ParOldGen       total 110080K, used 24573K [0x00000000a0000000, 0x00000000a6b80000, 0x00000000e0000000)
  object space 110080K, 22% used [0x00000000a0000000,0x00000000a17ff590,0x00000000a6b80000)
 Metaspace       used 56853K, capacity 59134K, committed 59160K, reserved 1099776K
  class space    used 7777K, capacity 8234K, committed 8240K, reserved 1048576K
Event: 17.569 GC heap after
Heap after GC invocations=13 (full 2):
 PSYoungGen      total 196096K, used 17900K [0x00000000e0000000, 0x00000000ed300000, 0x0000000100000000)
  eden space 178176K, 0% used [0x00000000e0000000,0x00000000e0000000,0x00000000eae00000)
  from space 17920K, 99% used [0x00000000eae00000,0x00000000ebf7b310,0x00000000ebf80000)
  to   space 12800K, 0% used [0x00000000ebf80000,0x00000000ebf80000,0x00000000ecc00000)
 ParOldGen       total 110080K, used 27998K [0x00000000a0000000, 0x00000000a6b80000, 0x00000000e0000000)
  object space 110080K, 25% used [0x00000000a0000000,0x00000000a1b57838,0x00000000a6b80000)
 Metaspace       used 56853K, capacity 59134K, committed 59160K, reserved 1099776K
  class space    used 7777K, capacity 8234K, committed 8240K, reserved 1048576K
}
Event: 17.569 GC heap before
{Heap before GC invocations=14 (full 3):
 PSYoungGen      total 196096K, used 17900K [0x00000000e0000000, 0x00000000ed300000, 0x0000000100000000)
  eden space 178176K, 0% used [0x00000000e0000000,0x00000000e0000000,0x00000000eae00000)
  from space 17920K, 99% used [0x00000000eae00000,0x00000000ebf7b310,0x00000000ebf80000)
  to   space 12800K, 0% used [0x00000000ebf80000,0x00000000ebf80000,0x00000000ecc00000)
 ParOldGen       total 110080K, used 27998K [0x00000000a0000000, 0x00000000a6b80000, 0x00000000e0000000)
  object space 110080K, 25% used [0x00000000a0000000,0x00000000a1b57838,0x00000000a6b80000)
 Metaspace       used 56853K, capacity 59134K, committed 59160K, reserved 1099776K
  class space    used 7777K, capacity 8234K, committed 8240K, reserved 1048576K
Event: 17.938 GC heap after
Heap after GC invocations=14 (full 3):
 PSYoungGen      total 196096K, used 0K [0x00000000e0000000, 0x00000000ed300000, 0x0000000100000000)
  eden space 178176K, 0% used [0x00000000e0000000,0x00000000e0000000,0x00000000eae00000)
  from space 17920K, 0% used [0x00000000eae00000,0x00000000eae00000,0x00000000ebf80000)
  to   space 12800K, 0% used [0x00000000ebf80000,0x00000000ebf80000,0x00000000ecc00000)
 ParOldGen       total 110080K, used 43185K [0x00000000a0000000, 0x00000000a6b80000, 0x00000000e0000000)
  object space 110080K, 39% used [0x00000000a0000000,0x00000000a2a2c638,0x00000000a6b80000)
 Metaspace       used 56837K, capacity 59080K, committed 59160K, reserved 1099776K
  class space    used 7772K, capacity 8225K, committed 8240K, reserved 1048576K
}

Deoptimization events (10 events):
Event: 17.285 Thread 0x0000000019e0a000 Uncommon trap: reason=unstable_if action=reinterpret pc=0x0000000003534380 method=java.io.WinNTFileSystem.normalize(Ljava/lang/String;)Ljava/lang/String; @ 74
Event: 17.285 Thread 0x0000000019e0a000 Uncommon trap: reason=unstable_if action=reinterpret pc=0x0000000003423e28 method=java.io.WinNTFileSystem.normalize(Ljava/lang/String;II)Ljava/lang/String; @ 103
Event: 18.050 Thread 0x0000000019e0a000 Uncommon trap: reason=bimorphic action=maybe_recompile pc=0x0000000003854954 method=java.util.regex.Pattern$5.isSatisfiedBy(I)Z @ 16
Event: 18.050 Thread 0x0000000019e0a000 Uncommon trap: reason=bimorphic action=maybe_recompile pc=0x0000000003854954 method=java.util.regex.Pattern$5.isSatisfiedBy(I)Z @ 16
Event: 18.050 Thread 0x0000000019e0a000 Uncommon trap: reason=bimorphic action=maybe_recompile pc=0x0000000003854954 method=java.util.regex.Pattern$5.isSatisfiedBy(I)Z @ 16
Event: 18.050 Thread 0x0000000019e0a000 Uncommon trap: reason=bimorphic action=maybe_recompile pc=0x0000000003854954 method=java.util.regex.Pattern$5.isSatisfiedBy(I)Z @ 16
Event: 18.614 Thread 0x0000000019e0a000 Uncommon trap: reason=unstable_if action=reinterpret pc=0x0000000003189068 method=java.util.regex.Pattern$BmpCharProperty.match(Ljava/util/regex/Matcher;ILjava/lang/CharSequence;)Z @ 34
Event: 18.632 Thread 0x0000000019e0a000 Uncommon trap: reason=unstable_if action=reinterpret pc=0x0000000003891198 method=com.sun.org.apache.xerces.internal.impl.XMLEntityScanner.scanLiteral(ILcom/sun/org/apache/xerces/internal/xni/XMLString;Z)I @ 660
Event: 18.650 Thread 0x0000000019e0a000 Uncommon trap: reason=unstable_if action=reinterpret pc=0x0000000003963e5c method=java.lang.CharacterDataLatin1.digit(II)I @ 31
Event: 18.690 Thread 0x0000000019e0a000 Uncommon trap: reason=unstable_if action=reinterpret pc=0x0000000003962328 method=java.lang.CharacterDataLatin1.digit(II)I @ 31

Classes redefined (0 events):
No events

Internal exceptions (10 events):
Event: 17.051 Thread 0x0000000019e0a000 Exception <a 'java/lang/ClassNotFoundException': org/codehaus/groovy/runtime/MethodClosureBeanInfo> (0x00000000e3eea160) thrown at [C:\src\AOSP-openjdk-git\hotspot\src\share\vm\classfile\systemDictionary.cpp, line 210]
Event: 17.052 Thread 0x0000000019e0a000 Exception <a 'java/lang/ClassNotFoundException': org/codehaus/groovy/runtime/MethodClosureCustomizer> (0x00000000e3f03cd0) thrown at [C:\src\AOSP-openjdk-git\hotspot\src\share\vm\classfile\systemDictionary.cpp, line 210]
Event: 17.061 Thread 0x0000000019e0a000 Exception <a 'java/lang/ClassNotFoundException': org/gradle/api/internal/artifacts/configurations/DefaultConfiguration$ConfigurationResolvableDependencies_DecoratedBeanInfo> (0x00000000e3f8ee10) thrown at [C:\src\AOSP-openjdk-git\hotspot\src\share\vm\clas
Event: 17.063 Thread 0x0000000019e0a000 Exception <a 'java/lang/ClassNotFoundException': org/gradle/api/internal/artifacts/configurations/DefaultConfiguration$ConfigurationResolvableDependenciesBeanInfo> (0x00000000e3fd9e58) thrown at [C:\src\AOSP-openjdk-git\hotspot\src\share\vm\classfile\syst
Event: 17.064 Thread 0x0000000019e0a000 Exception <a 'java/lang/ClassNotFoundException': org/gradle/api/internal/artifacts/configurations/DefaultConfiguration$ConfigurationResolvableDependenciesCustomizer> (0x00000000e4026f00) thrown at [C:\src\AOSP-openjdk-git\hotspot\src\share\vm\classfile\sy
Event: 17.065 Thread 0x0000000019e0a000 Exception <a 'java/lang/ClassNotFoundException': org/gradle/api/internal/artifacts/configurations/DefaultConfiguration$ConfigurationResolvableDependencies_DecoratedCustomizer> (0x00000000e408e660) thrown at [C:\src\AOSP-openjdk-git\hotspot\src\share\vm\cl
Event: 17.361 Thread 0x0000000019e0a000 Exception <a 'java/lang/NoSuchMethodError': java.lang.Object.lambda$static$0(Lorg/gradle/api/internal/tasks/TaskDependencyResolveContext;)V> (0x00000000e496fda0) thrown at [C:\src\AOSP-openjdk-git\hotspot\src\share\vm\interpreter\linkResolver.cpp, line 62
Event: 18.012 Thread 0x0000000019e0a000 Exception <a 'sun/nio/fs/WindowsException'> (0x00000000e0251440) thrown at [C:\src\AOSP-openjdk-git\hotspot\src\share\vm\prims\jni.cpp, line 710]
Event: 18.127 Thread 0x0000000019e0a000 Exception <a 'java/lang/ClassNotFoundException': com/sun/org/glassfish/hk2/osgiresourcelocator/ServiceLoader> (0x00000000e06718e8) thrown at [C:\src\AOSP-openjdk-git\hotspot\src\share\vm\classfile\systemDictionary.cpp, line 210]
Event: 18.216 Thread 0x0000000019e0a000 Exception <a 'java/lang/NullPointerException'> (0x00000000e0af9f98) thrown at [C:\src\AOSP-openjdk-git\hotspot\src\share\vm\interpreter\linkResolver.cpp, line 1287]

Events (10 events):
Event: 18.844 loading class org/gradle/api/internal/provider/MapEntryCollector
Event: 18.844 loading class org/gradle/api/internal/provider/MapEntryCollector done
Event: 18.845 loading class org/gradle/api/internal/provider/MapSupplier
Event: 18.845 loading class org/gradle/api/internal/provider/MapSupplier done
Event: 18.846 loading class org/gradle/api/internal/provider/MapCollector
Event: 18.846 loading class org/gradle/api/internal/provider/MapCollector done
Event: 18.847 loading class org/gradle/api/internal/provider/DefaultMapProperty$NoValueSupplier
Event: 18.847 loading class org/gradle/api/internal/provider/DefaultMapProperty$NoValueSupplier done
Event: 18.849 loading class org/gradle/api/internal/provider/DefaultMapProperty$EmptySupplier
Event: 18.849 loading class org/gradle/api/internal/provider/DefaultMapProperty$EmptySupplier done


Dynamic libraries:
0x00007ff604c60000 - 0x00007ff604c91000 	C:\Program Files\Android\Android Studio\jre\bin\java.exe
0x00007ffad2430000 - 0x00007ffad2625000 	C:\WINDOWS\SYSTEM32\ntdll.dll
0x00007ffad1780000 - 0x00007ffad183d000 	C:\WINDOWS\System32\KERNEL32.DLL
0x00007ffacfeb0000 - 0x00007ffad0178000 	C:\WINDOWS\System32\KERNELBASE.dll
0x00007ffad0b70000 - 0x00007ffad0c1c000 	C:\WINDOWS\System32\ADVAPI32.dll
0x00007ffad2350000 - 0x00007ffad23ee000 	C:\WINDOWS\System32\msvcrt.dll
0x00007ffad1960000 - 0x00007ffad19fb000 	C:\WINDOWS\System32\sechost.dll
0x00007ffad0c20000 - 0x00007ffad0d4b000 	C:\WINDOWS\System32\RPCRT4.dll
0x00007ffad09a0000 - 0x00007ffad0b40000 	C:\WINDOWS\System32\USER32.dll
0x00007ffad0320000 - 0x00007ffad0342000 	C:\WINDOWS\System32\win32u.dll
0x00007ffad0b40000 - 0x00007ffad0b6a000 	C:\WINDOWS\System32\GDI32.dll
0x00007ffad0380000 - 0x00007ffad048b000 	C:\WINDOWS\System32\gdi32full.dll
0x00007ffad0280000 - 0x00007ffad031d000 	C:\WINDOWS\System32\msvcp_win.dll
0x00007ffad0180000 - 0x00007ffad0280000 	C:\WINDOWS\System32\ucrtbase.dll
0x00007ffabeef0000 - 0x00007ffabf18a000 	C:\WINDOWS\WinSxS\amd64_microsoft.windows.common-controls_6595b64144ccf1df_6.0.19041.844_none_ca00b6081b84eb1d\COMCTL32.dll
0x00007ffad1ad0000 - 0x00007ffad1b00000 	C:\WINDOWS\System32\IMM32.DLL
0x000000006a660000 - 0x000000006a732000 	C:\Program Files\Android\Android Studio\jre\jre\bin\msvcr100.dll
0x000000006b1b0000 - 0x000000006b9fb000 	C:\Program Files\Android\Android Studio\jre\jre\bin\server\jvm.dll
0x00007ffad1510000 - 0x00007ffad1518000 	C:\WINDOWS\System32\PSAPI.DLL
0x00007ffab0fb0000 - 0x00007ffab0fb9000 	C:\WINDOWS\SYSTEM32\WSOCK32.dll
0x00007ffad1710000 - 0x00007ffad177b000 	C:\WINDOWS\System32\WS2_32.dll
0x00007ffac61d0000 - 0x00007ffac61da000 	C:\WINDOWS\SYSTEM32\VERSION.dll
0x00007ffacb070000 - 0x00007ffacb097000 	C:\WINDOWS\SYSTEM32\WINMM.dll
0x00007ffac6f20000 - 0x00007ffac6f2f000 	C:\Program Files\Android\Android Studio\jre\jre\bin\verify.dll
0x00007ffabf910000 - 0x00007ffabf939000 	C:\Program Files\Android\Android Studio\jre\jre\bin\java.dll
0x00007ffac6520000 - 0x00007ffac6536000 	C:\Program Files\Android\Android Studio\jre\jre\bin\zip.dll
0x00007ffad0db0000 - 0x00007ffad14f2000 	C:\WINDOWS\System32\SHELL32.dll
0x00007ffacdcb0000 - 0x00007fface441000 	C:\WINDOWS\SYSTEM32\windows.storage.dll
0x00007ffad0490000 - 0x00007ffad07e5000 	C:\WINDOWS\System32\combase.dll
0x00007ffacf5e0000 - 0x00007ffacf60c000 	C:\WINDOWS\SYSTEM32\Wldp.dll
0x00007ffad18a0000 - 0x00007ffad194e000 	C:\WINDOWS\System32\SHCORE.dll
0x00007ffad16b0000 - 0x00007ffad1705000 	C:\WINDOWS\System32\shlwapi.dll
0x00007ffacfab0000 - 0x00007ffacfacf000 	C:\WINDOWS\SYSTEM32\profapi.dll
0x00007ffac5d40000 - 0x00007ffac5d5a000 	C:\Program Files\Android\Android Studio\jre\jre\bin\net.dll
0x00007ffacf350000 - 0x00007ffacf3ba000 	C:\WINDOWS\system32\mswsock.dll
0x00007ffac2640000 - 0x00007ffac2653000 	C:\Program Files\Android\Android Studio\jre\jre\bin\nio.dll
0x00007ffaa0ee0000 - 0x00007ffaa0f07000 	C:\Users\ACER\.gradle\native\f6784746aeab05261644944871eae4fe03e0ef1612fff0a4a95f87b438bc6780\windows-amd64\native-platform.dll
0x00007ffac6f10000 - 0x00007ffac6f1d000 	C:\Program Files\Android\Android Studio\jre\jre\bin\management.dll
0x00007ffacf530000 - 0x00007ffacf548000 	C:\WINDOWS\SYSTEM32\CRYPTSP.dll
0x00007ffacec80000 - 0x00007ffacecb4000 	C:\WINDOWS\system32\rsaenh.dll
0x00007ffad0350000 - 0x00007ffad0377000 	C:\WINDOWS\System32\bcrypt.dll
0x00007ffacfa70000 - 0x00007ffacfa9e000 	C:\WINDOWS\SYSTEM32\USERENV.dll
0x00007ffacfe30000 - 0x00007ffacfeb0000 	C:\WINDOWS\System32\bcryptprimitives.dll
0x00007ffacf520000 - 0x00007ffacf52c000 	C:\WINDOWS\SYSTEM32\CRYPTBASE.dll
0x00007ffaceff0000 - 0x00007ffacf02b000 	C:\WINDOWS\SYSTEM32\IPHLPAPI.DLL
0x00007ffad1500000 - 0x00007ffad1508000 	C:\WINDOWS\System32\NSI.dll
0x00007ffac76a0000 - 0x00007ffac76b7000 	C:\WINDOWS\SYSTEM32\dhcpcsvc6.DLL
0x00007ffac6e40000 - 0x00007ffac6e5d000 	C:\WINDOWS\SYSTEM32\dhcpcsvc.DLL
0x00007ffacf040000 - 0x00007ffacf10c000 	C:\WINDOWS\SYSTEM32\DNSAPI.dll
0x00007ffac7710000 - 0x00007ffac771b000 	C:\WINDOWS\SYSTEM32\WINNSI.DLL

VM Arguments:
jvm_args: -Xmx1536m -Dfile.encoding=windows-1252 -Duser.country=UA -Duser.language=uk -Duser.variant 
java_command: org.gradle.launcher.daemon.bootstrap.GradleDaemon 6.5
java_class_path (initial): C:\Users\ACER\.gradle\wrapper\dists\gradle-6.5-all\2oz4ud9k3tuxjg84bbf55q0tn\gradle-6.5\lib\gradle-launcher-6.5.jar
Launcher Type: SUN_STANDARD

Environment Variables:
PATH=C:\Program Files (x86)\VMware\VMware Workstation\bin\;C:\Program Files (x86)\Embarcadero\Studio\20.0\bin;C:\Users\Public\Documents\Embarcadero\Studio\20.0\Bpl;C:\Program Files (x86)\Embarcadero\Studio\20.0\bin64;C:\Users\Public\Documents\Embarcadero\Studio\20.0\Bpl\Win64;C:\PROGRA~2\Borland\CBUILD~1\Bin;C:\PROGRA~2\Borland\CBUILD~1\Projects\Bpl;C:\Program Files (x86)\Common Files\Oracle\Java\javapath;C:\ProgramData\Oracle\Java\javapath;C:\Windows\system32;C:\Windows;C:\Windows\System32\Wbem;C:\Windows\System32\WindowsPowerShell\v1.0\;C:\Program Files (x86)\NVIDIA Corporation\PhysX\Common;C:\WINDOWS\system32;C:\WINDOWS;C:\WINDOWS\System32\Wbem;C:\WINDOWS\System32\WindowsPowerShell\v1.0\;C:\Program Files\dotnet\;C:\WINDOWS\System32\OpenSSH\;C:\Program Files\Microsoft SQL Server\Client SDK\ODBC\170\Tools\Binn\;C:\Users\ACER\AppData\Local\Programs\Python\Python38-32\Scripts\pip.exe;;C:\WINDOWS\system32;C:\WINDOWS;C:\WINDOWS\System32\Wbem;C:\WINDOWS\System32\WindowsPowerShell\v1.0\;C:\WINDOWS\System32\OpenSSH\;C:\Program Files\Microsoft SQL Server\130\Tools\Binn\;C:\Users\ACER\AppData\Local\Programs\Python;D:\Users\ACER\Saved Games\Programs\PyCharm 2019.2.3\bin;;;C:\Users\ACER\AppData\Local\Microsoft\WindowsApps;C:\Program Files\JetBrains\IntelliJ IDEA Community Edition 2020.3.2\bin;;C:\Program Files\JetBrains\PyCharm Community Edition 2020.3.3\bin;;C:\Users\ACER\.dotnet\tools
USERNAME=ACER
OS=Windows_NT
PROCESSOR_IDENTIFIER=Intel64 Family 6 Model 142 Stepping 9, GenuineIntel



---------------  S Y S T E M  ---------------

OS: Windows 10.0 , 64 bit Build 19041 (10.0.19041.928)

CPU:total 4 (initial active 4) (2 cores per cpu, 2 threads per core) family 6 model 142 stepping 9, cmov, cx8, fxsr, mmx, sse, sse2, sse3, ssse3, sse4.1, sse4.2, popcnt, avx, avx2, aes, clmul, erms, 3dnowpref, lzcnt, ht, tsc, tscinvbit, bmi1, bmi2, adx

Memory: 4k page, physical 12455524k(1865020k free), swap 25039460k(6392k free)

vm_info: OpenJDK 64-Bit Server VM (25.242-b01) for windows-amd64 JRE (1.8.0_242-release-1644-b01), built by "builder" with MS VC++ 10.0 (VS2010)

time: Mon Apr 26 19:01:20 2021
timezone: 
elapsed time: 18 seconds (0d 0h 0m 18s)

